<?xml version="1.0" encoding="UTF-8"?>
<testng-results ignored="0" total="2" passed="2" failed="0" skipped="0">
  <reporter-output>
  </reporter-output>
  <suite started-at="2025-01-21T01:59:20 IST" name="Suite" finished-at="2025-01-21T01:59:30 IST" duration-ms="9969">
    <groups>
    </groups>
    <test started-at="2025-01-21T01:59:20 IST" name="Test" finished-at="2025-01-21T01:59:30 IST" duration-ms="9969">
      <class name="pack1.CheckJenkins">
        <test-method is-config="true" signature="openBroweser()[pri:0, instance:pack1.CheckJenkins@77fbd92c]" started-at="2025-01-21T01:59:20 IST" name="openBroweser" finished-at="2025-01-21T01:59:23 IST" duration-ms="2800" status="PASS">
          <reporter-output>
          </reporter-output>
        </test-method> <!-- openBroweser -->
        <test-method signature="testScript1()[pri:0, instance:pack1.CheckJenkins@77fbd92c]" started-at="2025-01-21T01:59:23 IST" name="testScript1" finished-at="2025-01-21T01:59:28 IST" duration-ms="4738" status="PASS">
          <reporter-output>
          </reporter-output>
        </test-method> <!-- testScript1 -->
        <test-method signature="testScript2()[pri:0, instance:pack1.CheckJenkins@77fbd92c]" started-at="2025-01-21T01:59:28 IST" name="testScript2" finished-at="2025-01-21T01:59:30 IST" duration-ms="1837" status="PASS">
          <reporter-output>
          </reporter-output>
        </test-method> <!-- testScript2 -->
        <test-method is-config="true" signature="tearDown()[pri:0, instance:pack1.CheckJenkins@77fbd92c]" started-at="2025-01-21T01:59:30 IST" name="tearDown" finished-at="2025-01-21T01:59:30 IST" duration-ms="486" status="PASS">
          <reporter-output>
          </reporter-output>
        </test-method> <!-- tearDown -->
      </class> <!-- pack1.CheckJenkins -->
    </test> <!-- Test -->
  </suite> <!-- Suite -->
</testng-results>
