<?xml version="1.0" encoding="UTF-8"?>
<testng-results ignored="0" total="2" passed="2" failed="0" skipped="0">
  <reporter-output>
  </reporter-output>
  <suite started-at="2025-01-21T01:13:34 IST" name="Suite" finished-at="2025-01-21T01:13:46 IST" duration-ms="12150">
    <groups>
    </groups>
    <test started-at="2025-01-21T01:13:34 IST" name="Test" finished-at="2025-01-21T01:13:46 IST" duration-ms="12150">
      <class name="pack1.CheckJenkins">
        <test-method is-config="true" signature="openBroweser()[pri:0, instance:pack1.CheckJenkins@77fbd92c]" started-at="2025-01-21T01:13:34 IST" name="openBroweser" finished-at="2025-01-21T01:13:38 IST" duration-ms="3536" status="PASS">
          <reporter-output>
          </reporter-output>
        </test-method> <!-- openBroweser -->
        <test-method signature="testScript1()[pri:0, instance:pack1.CheckJenkins@77fbd92c]" started-at="2025-01-21T01:13:38 IST" name="testScript1" finished-at="2025-01-21T01:13:43 IST" duration-ms="5417" status="PASS">
          <reporter-output>
          </reporter-output>
        </test-method> <!-- testScript1 -->
        <test-method signature="testScript2()[pri:0, instance:pack1.CheckJenkins@77fbd92c]" started-at="2025-01-21T01:13:43 IST" name="testScript2" finished-at="2025-01-21T01:13:45 IST" duration-ms="2179" status="PASS">
          <reporter-output>
          </reporter-output>
        </test-method> <!-- testScript2 -->
        <test-method is-config="true" signature="tearDown()[pri:0, instance:pack1.CheckJenkins@77fbd92c]" started-at="2025-01-21T01:13:45 IST" name="tearDown" finished-at="2025-01-21T01:13:46 IST" duration-ms="747" status="PASS">
          <reporter-output>
          </reporter-output>
        </test-method> <!-- tearDown -->
      </class> <!-- pack1.CheckJenkins -->
    </test> <!-- Test -->
  </suite> <!-- Suite -->
</testng-results>
