<?xml version="1.0" encoding="UTF-8"?>
<testng-results ignored="0" total="2" passed="2" failed="0" skipped="0">
  <reporter-output>
  </reporter-output>
  <suite started-at="2025-01-21T01:02:18 IST" name="Default suite" finished-at="2025-01-21T01:02:29 IST" duration-ms="10574">
    <groups>
    </groups>
    <test started-at="2025-01-21T01:02:18 IST" name="Default test" finished-at="2025-01-21T01:02:29 IST" duration-ms="10574">
      <class name="pack1.CheckJenkins">
        <test-method is-config="true" signature="openBroweser()[pri:0, instance:pack1.CheckJenkins@1c1bbc4e]" started-at="2025-01-21T01:02:19 IST" name="openBroweser" finished-at="2025-01-21T01:02:21 IST" duration-ms="2748" status="PASS">
          <reporter-output>
          </reporter-output>
        </test-method> <!-- openBroweser -->
        <test-method signature="testScript1()[pri:0, instance:pack1.CheckJenkins@1c1bbc4e]" started-at="2025-01-21T01:02:21 IST" name="testScript1" finished-at="2025-01-21T01:02:26 IST" duration-ms="5065" status="PASS">
          <reporter-output>
          </reporter-output>
        </test-method> <!-- testScript1 -->
        <test-method signature="testScript2()[pri:0, instance:pack1.CheckJenkins@1c1bbc4e]" started-at="2025-01-21T01:02:26 IST" name="testScript2" finished-at="2025-01-21T01:02:29 IST" duration-ms="2198" status="PASS">
          <reporter-output>
          </reporter-output>
        </test-method> <!-- testScript2 -->
        <test-method is-config="true" signature="tearDown()[pri:0, instance:pack1.CheckJenkins@1c1bbc4e]" started-at="2025-01-21T01:02:29 IST" name="tearDown" finished-at="2025-01-21T01:02:29 IST" duration-ms="462" status="PASS">
          <reporter-output>
          </reporter-output>
        </test-method> <!-- tearDown -->
      </class> <!-- pack1.CheckJenkins -->
    </test> <!-- Default test -->
  </suite> <!-- Default suite -->
</testng-results>
